{"row":1,"message":"Product updated successfully.","status":true,"status_msg":"Success","post_id":626,"post_link":{"edit_url":"http:\/\/localhost\/wp-admin\/post.php?post=626&amp;action=edit","title":"Leite De Coco Tradicional TP &#8211; Sococo 1L"}}
{"row":2,"message":"Product updated successfully.","status":true,"status_msg":"Success","post_id":627,"post_link":{"edit_url":"http:\/\/localhost\/wp-admin\/post.php?post=627&amp;action=edit","title":"Leite De Coco RTC TP &#8211; Sococo 1L"}}
{"row":3,"message":"Product updated successfully.","status":true,"status_msg":"Success","post_id":632,"post_link":{"edit_url":"http:\/\/localhost\/wp-admin\/post.php?post=632&amp;action=edit","title":"Sweet Floco &#8211; Sococo 5kg"}}
{"row":4,"message":"Product updated successfully.","status":true,"status_msg":"Success","post_id":633,"post_link":{"edit_url":"http:\/\/localhost\/wp-admin\/post.php?post=633&amp;action=edit","title":"Sweet Floco &#8211; Sococo 1kg"}}
{"row":5,"message":"Product updated successfully.","status":true,"status_msg":"Success","post_id":634,"post_link":{"edit_url":"http:\/\/localhost\/wp-admin\/post.php?post=634&amp;action=edit","title":"Sweet Floco Queimado &#8211; Sococo 5kg"}}
{"row":6,"message":"Product updated successfully.","status":true,"status_msg":"Success","post_id":635,"post_link":{"edit_url":"http:\/\/localhost\/wp-admin\/post.php?post=635&amp;action=edit","title":"Sweet Floco Queimado &#8211; Sococo 1kg"}}
{"row":7,"message":"Product updated successfully.","status":true,"status_msg":"Success","post_id":636,"post_link":{"edit_url":"http:\/\/localhost\/wp-admin\/post.php?post=636&amp;action=edit","title":"Coco Ralado &#8211; Sococo 1kg"}}
{"row":8,"message":"Product updated successfully.","status":true,"status_msg":"Success","post_id":637,"post_link":{"edit_url":"http:\/\/localhost\/wp-admin\/post.php?post=637&amp;action=edit","title":"Sweet Coco &#8211; Sococo 5kg"}}
{"row":9,"message":"Product updated successfully.","status":true,"status_msg":"Success","post_id":638,"post_link":{"edit_url":"http:\/\/localhost\/wp-admin\/post.php?post=638&amp;action=edit","title":"Coco Ralado Medio &#8211; Sococo 5Kg"}}
{"row":10,"message":"Product updated successfully.","status":true,"status_msg":"Success","post_id":639,"post_link":{"edit_url":"http:\/\/localhost\/wp-admin\/post.php?post=639&amp;action=edit","title":"Coco Ralado Fino &#8211; Sococo 5kg"}}
{"row":11,"message":"Product updated successfully.","status":true,"status_msg":"Success","post_id":640,"post_link":{"edit_url":"http:\/\/localhost\/wp-admin\/post.php?post=640&amp;action=edit","title":"Cocada Cremosa Queimada &#8211; Sococo 335gr"}}
{"row":12,"message":"Product updated successfully.","status":true,"status_msg":"Success","post_id":641,"post_link":{"edit_url":"http:\/\/localhost\/wp-admin\/post.php?post=641&amp;action=edit","title":"Cocada Cremosa Branca &#8211; Sococo 335gr"}}
{"row":13,"message":"Product updated successfully.","status":true,"status_msg":"Success","post_id":642,"post_link":{"edit_url":"http:\/\/localhost\/wp-admin\/post.php?post=642&amp;action=edit","title":"Cocada Cremosa Branca &#8211; Sococo 1,280Kg"}}
{"row":14,"message":"Product updated successfully.","status":true,"status_msg":"Success","post_id":643,"post_link":{"edit_url":"http:\/\/localhost\/wp-admin\/post.php?post=643&amp;action=edit","title":"Cocada Cremosa Queimada &#8211; Sococo 1,280Kg"}}
{"row":15,"message":"Product updated successfully.","status":true,"status_msg":"Success","post_id":644,"post_link":{"edit_url":"http:\/\/localhost\/wp-admin\/post.php?post=644&amp;action=edit","title":"\u00c1gua De Coco &#8211; Sococo 1L"}}
{"row":16,"message":"Product updated successfully.","status":true,"status_msg":"Success","post_id":645,"post_link":{"edit_url":"http:\/\/localhost\/wp-admin\/post.php?post=645&amp;action=edit","title":"\u00c1gua De Coco &#8211; Sococo 200ml"}}
{"row":17,"message":"Product updated successfully.","status":true,"status_msg":"Success","post_id":646,"post_link":{"edit_url":"http:\/\/localhost\/wp-admin\/post.php?post=646&amp;action=edit","title":"\u00c1gua de Coco &#8211; Sococo 330ml"}}
{"row":18,"message":"Product updated successfully.","status":true,"status_msg":"Success","post_id":647,"post_link":{"edit_url":"http:\/\/localhost\/wp-admin\/post.php?post=647&amp;action=edit","title":"\u00c1gua de Coco Mais Tangerina &#8211; Sococo 200ML"}}
{"row":19,"message":"Product updated successfully.","status":true,"status_msg":"Success","post_id":648,"post_link":{"edit_url":"http:\/\/localhost\/wp-admin\/post.php?post=648&amp;action=edit","title":"\u00c1gua de Coco Mais Maracuj\u00e1 &#8211; Sococo 200ml"}}
{"row":20,"message":"Product updated successfully.","status":true,"status_msg":"Success","post_id":649,"post_link":{"edit_url":"http:\/\/localhost\/wp-admin\/post.php?post=649&amp;action=edit","title":"\u00c1gua de Coco Mais Frutas Vermelhas &#8211; Sococo 200ml"}}
{"row":21,"message":"Product updated successfully.","status":true,"status_msg":"Success","post_id":650,"post_link":{"edit_url":"http:\/\/localhost\/wp-admin\/post.php?post=650&amp;action=edit","title":"\u00c1gua de Coco Mais Melancia &#8211; Sococo 200ml"}}
{"row":22,"message":"Product updated successfully.","status":true,"status_msg":"Success","post_id":651,"post_link":{"edit_url":"http:\/\/localhost\/wp-admin\/post.php?post=651&amp;action=edit","title":"\u00c1gua de Coco Mais Uva &#8211; Sococo 200ml"}}
{"row":23,"message":"Product updated successfully.","status":true,"status_msg":"Success","post_id":652,"post_link":{"edit_url":"http:\/\/localhost\/wp-admin\/post.php?post=652&amp;action=edit","title":"Coco Ralado &#8211; Sococo 100gr"}}
{"row":24,"message":"Product updated successfully.","status":true,"status_msg":"Success","post_id":653,"post_link":{"edit_url":"http:\/\/localhost\/wp-admin\/post.php?post=653&amp;action=edit","title":"Sweet Floco &#8211; Sococo 100gr"}}
{"row":25,"message":"Product updated successfully.","status":true,"status_msg":"Success","post_id":654,"post_link":{"edit_url":"http:\/\/localhost\/wp-admin\/post.php?post=654&amp;action=edit","title":"Sweet Coco &#8211; Sococo 100gr"}}
{"row":26,"message":"Product updated successfully.","status":true,"status_msg":"Success","post_id":655,"post_link":{"edit_url":"http:\/\/localhost\/wp-admin\/post.php?post=655&amp;action=edit","title":"Sweet Floco Queimado &#8211; Sococo 100gr"}}
{"row":27,"message":"Product updated successfully.","status":true,"status_msg":"Success","post_id":656,"post_link":{"edit_url":"http:\/\/localhost\/wp-admin\/post.php?post=656&amp;action=edit","title":"Flococo &#8211; Sococo 100gr"}}
{"row":28,"message":"Product updated successfully.","status":true,"status_msg":"Success","post_id":657,"post_link":{"edit_url":"http:\/\/localhost\/wp-admin\/post.php?post=657&amp;action=edit","title":"Leite De Coco Tradicional Vidro &#8211; Sococo 200ml"}}
{"row":29,"message":"Product updated successfully.","status":true,"status_msg":"Success","post_id":658,"post_link":{"edit_url":"http:\/\/localhost\/wp-admin\/post.php?post=658&amp;action=edit","title":"Leite De Coco Tradicional TP &#8211; Sococo 200ml"}}
{"row":30,"message":"Product updated successfully.","status":true,"status_msg":"Success","post_id":659,"post_link":{"edit_url":"http:\/\/localhost\/wp-admin\/post.php?post=659&amp;action=edit","title":"Leite De Coco RTC &#8211; Sococo 200ml"}}
{"row":31,"message":"Product updated successfully.","status":true,"status_msg":"Success","post_id":660,"post_link":{"edit_url":"http:\/\/localhost\/wp-admin\/post.php?post=660&amp;action=edit","title":"Leite De Coco RTC &#8211; Sococo 500ml"}}
{"row":32,"message":"Product updated successfully.","status":true,"status_msg":"Success","post_id":661,"post_link":{"edit_url":"http:\/\/localhost\/wp-admin\/post.php?post=661&amp;action=edit","title":"Leite De Coco Light &#8211; Sococo 200ml"}}
{"row":33,"message":"Product updated successfully.","status":true,"status_msg":"Success","post_id":662,"post_link":{"edit_url":"http:\/\/localhost\/wp-admin\/post.php?post=662&amp;action=edit","title":"Leite De Coco Light &#8211; Sococo 500ml"}}
{"row":34,"message":"Product updated successfully.","status":true,"status_msg":"Success","post_id":663,"post_link":{"edit_url":"http:\/\/localhost\/wp-admin\/post.php?post=663&amp;action=edit","title":"Leite De Coco Tradicional Vidro &#8211; Sococo 500ml"}}
{"row":35,"message":"Product updated successfully.","status":true,"status_msg":"Success","post_id":664,"post_link":{"edit_url":"http:\/\/localhost\/wp-admin\/post.php?post=664&amp;action=edit","title":"\u00d3leo de Coco Extra Virgem &#8211; Sococo 200ml"}}
{"row":36,"message":"Product updated successfully.","status":true,"status_msg":"Success","post_id":665,"post_link":{"edit_url":"http:\/\/localhost\/wp-admin\/post.php?post=665&amp;action=edit","title":"\u00d3leo de Coco Extra Virgem &#8211; 500 ml"}}
