07-29-2025 @ 01:47:42 - ---[ New import started at 2025-07-29 04:47:42 ] PHP Memory: 128 MB, WP Memory: 40 MB
07-29-2025 @ 01:47:42 - Preparing for import.
07-29-2025 @ 01:47:42 - Row :1 - Parsing item.
07-29-2025 @ 01:47:42 - Row :1 - Processing item.
07-29-2025 @ 01:47:42 - Found simple product object. ID:626
07-29-2025 @ 01:47:42 - Setting Featured Image. URL:https://loja.sococo.com.br/wp-content/uploads/2019/06/lttradlitro-1.jpg
07-29-2025 @ 01:47:44 - Attachment ID:672
07-29-2025 @ 01:47:44 - Row :1 - Product updated successfully.
07-29-2025 @ 01:47:44 - Row :2 - Parsing item.
07-29-2025 @ 01:47:44 - Row :2 - Processing item.
07-29-2025 @ 01:47:44 - Found simple product object. ID:627
07-29-2025 @ 01:47:44 - Setting Featured Image. URL:https://loja.sococo.com.br/wp-content/uploads/2019/06/RTC1L.jpg
07-29-2025 @ 01:47:45 - Attachment ID:673
07-29-2025 @ 01:47:45 - Row :2 - Product updated successfully.
07-29-2025 @ 01:47:45 - Row :3 - Parsing item.
07-29-2025 @ 01:47:45 - Row :3 - Processing item.
07-29-2025 @ 01:47:45 - Found simple product object. ID:632
07-29-2025 @ 01:47:45 - Setting Featured Image. URL:https://loja.sococo.com.br/wp-content/uploads/2019/07/SweetFloco_Industrial5kg_OK.png
07-29-2025 @ 01:48:02 - Attachment ID:674
07-29-2025 @ 01:48:03 - Row :3 - Product updated successfully.
07-29-2025 @ 01:48:03 - Row :4 - Parsing item.
07-29-2025 @ 01:48:03 - Row :4 - Processing item.
07-29-2025 @ 01:48:03 - Found simple product object. ID:633
07-29-2025 @ 01:48:03 - Setting Featured Image. URL:https://loja.sococo.com.br/wp-content/uploads/2019/08/swfl1k.jpg
07-29-2025 @ 01:48:04 - Attachment ID:675
07-29-2025 @ 01:48:04 - Row :4 - Product updated successfully.
07-29-2025 @ 01:48:04 - Row :5 - Parsing item.
07-29-2025 @ 01:48:04 - Row :5 - Processing item.
07-29-2025 @ 01:48:04 - Found simple product object. ID:634
07-29-2025 @ 01:48:04 - Setting Featured Image. URL:https://loja.sococo.com.br/wp-content/uploads/2019/08/SweetFlocoQueimado5kg_Industrial.png
07-29-2025 @ 01:49:50 - Attachment ID:676
07-29-2025 @ 01:49:50 - Row :5 - Product updated successfully.
07-29-2025 @ 01:49:50 - Row :6 - Parsing item.
07-29-2025 @ 01:49:50 - Row :6 - Processing item.
07-29-2025 @ 01:49:50 - Found simple product object. ID:635
07-29-2025 @ 01:49:50 - Setting Featured Image. URL:https://loja.sococo.com.br/wp-content/uploads/2019/11/swflq1k.jpg
07-29-2025 @ 01:49:51 - Attachment ID:677
07-29-2025 @ 01:49:51 - Row :6 - Product updated successfully.
07-29-2025 @ 01:49:51 - Row :7 - Parsing item.
07-29-2025 @ 01:49:51 - Row :7 - Processing item.
07-29-2025 @ 01:49:51 - Found simple product object. ID:636
07-29-2025 @ 01:49:51 - Setting Featured Image. URL:https://loja.sococo.com.br/wp-content/uploads/2020/06/ral1k.jpg
07-29-2025 @ 01:49:52 - Attachment ID:678
07-29-2025 @ 01:49:52 - Row :7 - Product updated successfully.
07-29-2025 @ 01:49:52 - Row :8 - Parsing item.
07-29-2025 @ 01:49:52 - Row :8 - Processing item.
07-29-2025 @ 01:49:52 - Found simple product object. ID:637
07-29-2025 @ 01:49:52 - Setting Featured Image. URL:https://loja.sococo.com.br/wp-content/uploads/2022/08/sweetcoco.png
07-29-2025 @ 01:49:54 - Attachment ID:679
07-29-2025 @ 01:49:54 - Row :8 - Product updated successfully.
07-29-2025 @ 01:49:54 - Row :9 - Parsing item.
07-29-2025 @ 01:49:54 - Row :9 - Processing item.
07-29-2025 @ 01:49:54 - Found simple product object. ID:638
07-29-2025 @ 01:49:54 - Setting Featured Image. URL:https://loja.sococo.com.br/wp-content/uploads/2024/01/12173365058_11831948891_11400010833_nonamea1.png
07-29-2025 @ 01:49:56 - Attachment ID:680
07-29-2025 @ 01:49:56 - Row :9 - Product updated successfully.
07-29-2025 @ 01:49:56 - Row :10 - Parsing item.
07-29-2025 @ 01:49:56 - Row :10 - Processing item.
07-29-2025 @ 01:49:56 - Found simple product object. ID:639
07-29-2025 @ 01:49:56 - Setting Featured Image. URL:https://loja.sococo.com.br/wp-content/uploads/2024/01/11833101332_11832418804_10891267196_Coco20Ralado20Fino20Sococo205Kg.png
07-29-2025 @ 01:49:58 - Attachment ID:681
07-29-2025 @ 01:49:58 - Row :10 - Product updated successfully.
07-29-2025 @ 01:49:58 - Preparing for import.
07-29-2025 @ 01:49:58 - Row :11 - Parsing item.
07-29-2025 @ 01:49:58 - Row :11 - Processing item.
07-29-2025 @ 01:49:58 - Found simple product object. ID:640
07-29-2025 @ 01:49:58 - Setting Featured Image. URL:https://loja.sococo.com.br/wp-content/uploads/2019/06/COCADAQU.jpg
07-29-2025 @ 01:49:59 - Attachment ID:682
07-29-2025 @ 01:50:00 - Row :11 - Product updated successfully.
07-29-2025 @ 01:50:00 - Row :12 - Parsing item.
07-29-2025 @ 01:50:00 - Row :12 - Processing item.
07-29-2025 @ 01:50:00 - Found simple product object. ID:641
07-29-2025 @ 01:50:00 - Setting Featured Image. URL:https://loja.sococo.com.br/wp-content/uploads/2019/06/COCADABR.jpg
07-29-2025 @ 01:50:01 - Attachment ID:683
07-29-2025 @ 01:50:01 - Row :12 - Product updated successfully.
07-29-2025 @ 01:50:01 - Row :13 - Parsing item.
07-29-2025 @ 01:50:01 - Row :13 - Processing item.
07-29-2025 @ 01:50:01 - Found simple product object. ID:642
07-29-2025 @ 01:50:01 - Setting Featured Image. URL:https://loja.sococo.com.br/wp-content/uploads/2023/12/Brnaca.png
07-29-2025 @ 01:50:03 - Attachment ID:684
07-29-2025 @ 01:50:03 - Row :13 - Product updated successfully.
07-29-2025 @ 01:50:03 - Row :14 - Parsing item.
07-29-2025 @ 01:50:03 - Row :14 - Processing item.
07-29-2025 @ 01:50:03 - Found simple product object. ID:643
07-29-2025 @ 01:50:03 - Setting Featured Image. URL:https://loja.sococo.com.br/wp-content/uploads/2023/12/Queimada.png
07-29-2025 @ 01:50:05 - Attachment ID:685
07-29-2025 @ 01:50:05 - Row :14 - Product updated successfully.
07-29-2025 @ 01:50:05 - Row :15 - Parsing item.
07-29-2025 @ 01:50:05 - Row :15 - Processing item.
07-29-2025 @ 01:50:05 - Found simple product object. ID:644
07-29-2025 @ 01:50:05 - Setting Featured Image. URL:https://loja.sococo.com.br/wp-content/uploads/2019/06/litrored.jpg
07-29-2025 @ 01:50:06 - Attachment ID:686
07-29-2025 @ 01:50:07 - Row :15 - Product updated successfully.
07-29-2025 @ 01:50:07 - Row :16 - Parsing item.
07-29-2025 @ 01:50:07 - Row :16 - Processing item.
07-29-2025 @ 01:50:07 - Found simple product object. ID:645
07-29-2025 @ 01:50:07 - Setting Featured Image. URL:https://loja.sococo.com.br/wp-content/uploads/2019/06/200red.jpg
07-29-2025 @ 01:50:08 - Attachment ID:687
07-29-2025 @ 01:50:08 - Row :16 - Product updated successfully.
07-29-2025 @ 01:50:08 - Row :17 - Parsing item.
07-29-2025 @ 01:50:08 - Row :17 - Processing item.
07-29-2025 @ 01:50:08 - Found simple product object. ID:646
07-29-2025 @ 01:50:08 - Setting Featured Image. URL:https://loja.sococo.com.br/wp-content/uploads/2019/06/330red.jpg
07-29-2025 @ 01:50:09 - Attachment ID:688
07-29-2025 @ 01:50:09 - Row :17 - Product updated successfully.
07-29-2025 @ 01:50:09 - Row :18 - Parsing item.
07-29-2025 @ 01:50:09 - Row :18 - Processing item.
07-29-2025 @ 01:50:09 - Found simple product object. ID:647
07-29-2025 @ 01:50:09 - Setting Featured Image. URL:https://loja.sococo.com.br/wp-content/uploads/2019/06/tange.png
07-29-2025 @ 01:50:11 - Attachment ID:689
07-29-2025 @ 01:50:11 - Row :18 - Product updated successfully.
07-29-2025 @ 01:50:11 - Row :19 - Parsing item.
07-29-2025 @ 01:50:11 - Row :19 - Processing item.
07-29-2025 @ 01:50:11 - Found simple product object. ID:648
07-29-2025 @ 01:50:11 - Setting Featured Image. URL:https://loja.sococo.com.br/wp-content/uploads/2019/06/maracuja-1.png
07-29-2025 @ 01:50:13 - Attachment ID:690
07-29-2025 @ 01:50:13 - Row :19 - Product updated successfully.
07-29-2025 @ 01:50:13 - Row :20 - Parsing item.
07-29-2025 @ 01:50:13 - Row :20 - Processing item.
07-29-2025 @ 01:50:13 - Found simple product object. ID:649
07-29-2025 @ 01:50:13 - Setting Featured Image. URL:https://loja.sococo.com.br/wp-content/uploads/2023/07/maisfrutasvermelhas.png
07-29-2025 @ 01:50:15 - Attachment ID:691
07-29-2025 @ 01:50:15 - Row :20 - Product updated successfully.
07-29-2025 @ 01:50:15 - Preparing for import.
07-29-2025 @ 01:50:15 - Row :21 - Parsing item.
07-29-2025 @ 01:50:15 - Row :21 - Processing item.
07-29-2025 @ 01:50:15 - Found simple product object. ID:650
07-29-2025 @ 01:50:15 - Setting Featured Image. URL:https://loja.sococo.com.br/wp-content/uploads/2023/07/maismelancia.png
07-29-2025 @ 01:50:17 - Attachment ID:692
07-29-2025 @ 01:50:17 - Row :21 - Product updated successfully.
07-29-2025 @ 01:50:17 - Row :22 - Parsing item.
07-29-2025 @ 01:50:17 - Row :22 - Processing item.
07-29-2025 @ 01:50:17 - Found simple product object. ID:651
07-29-2025 @ 01:50:17 - Setting Featured Image. URL:https://loja.sococo.com.br/wp-content/uploads/2023/07/maisuva.png
07-29-2025 @ 01:50:19 - Attachment ID:693
07-29-2025 @ 01:50:19 - Row :22 - Product updated successfully.
07-29-2025 @ 01:50:19 - Row :23 - Parsing item.
07-29-2025 @ 01:50:19 - Row :23 - Processing item.
07-29-2025 @ 01:50:19 - Found simple product object. ID:652
07-29-2025 @ 01:50:19 - Setting Featured Image. URL:https://loja.sococo.com.br/wp-content/uploads/2019/06/ralado100.jpg
07-29-2025 @ 01:50:20 - Attachment ID:694
07-29-2025 @ 01:50:20 - Row :23 - Product updated successfully.
07-29-2025 @ 01:50:20 - Row :24 - Parsing item.
07-29-2025 @ 01:50:20 - Row :24 - Processing item.
07-29-2025 @ 01:50:20 - Found simple product object. ID:653
07-29-2025 @ 01:50:20 - Setting Featured Image. URL:https://loja.sococo.com.br/wp-content/uploads/2019/06/swfl100.jpg
07-29-2025 @ 01:50:22 - Attachment ID:695
07-29-2025 @ 01:50:22 - Row :24 - Product updated successfully.
07-29-2025 @ 01:50:22 - Row :25 - Parsing item.
07-29-2025 @ 01:50:22 - Row :25 - Processing item.
07-29-2025 @ 01:50:22 - Found simple product object. ID:654
07-29-2025 @ 01:50:22 - Setting Featured Image. URL:https://loja.sococo.com.br/wp-content/uploads/2019/06/swcc100.jpg
07-29-2025 @ 01:50:23 - Attachment ID:696
07-29-2025 @ 01:50:23 - Row :25 - Product updated successfully.
07-29-2025 @ 01:50:23 - Row :26 - Parsing item.
07-29-2025 @ 01:50:23 - Row :26 - Processing item.
07-29-2025 @ 01:50:23 - Found simple product object. ID:655
07-29-2025 @ 01:50:23 - Setting Featured Image. URL:https://loja.sococo.com.br/wp-content/uploads/2019/06/swflq100.png
07-29-2025 @ 01:50:24 - Attachment ID:697
07-29-2025 @ 01:50:24 - Row :26 - Product updated successfully.
07-29-2025 @ 01:50:24 - Row :27 - Parsing item.
07-29-2025 @ 01:50:24 - Row :27 - Processing item.
07-29-2025 @ 01:50:24 - Found simple product object. ID:656
07-29-2025 @ 01:50:24 - Setting Featured Image. URL:https://loja.sococo.com.br/wp-content/uploads/2019/06/flococo100.jpg
07-29-2025 @ 01:50:25 - Attachment ID:698
07-29-2025 @ 01:50:25 - Row :27 - Product updated successfully.
07-29-2025 @ 01:50:25 - Row :28 - Parsing item.
07-29-2025 @ 01:50:25 - Row :28 - Processing item.
07-29-2025 @ 01:50:25 - Found simple product object. ID:657
07-29-2025 @ 01:50:25 - Setting Featured Image. URL:https://loja.sococo.com.br/wp-content/uploads/2019/06/TRAD200.jpg
07-29-2025 @ 01:50:27 - Attachment ID:699
07-29-2025 @ 01:50:27 - Row :28 - Product updated successfully.
07-29-2025 @ 01:50:27 - Row :29 - Parsing item.
07-29-2025 @ 01:50:27 - Row :29 - Processing item.
07-29-2025 @ 01:50:27 - Found simple product object. ID:658
07-29-2025 @ 01:50:27 - Setting Featured Image. URL:https://loja.sococo.com.br/wp-content/uploads/2019/06/leite200tp.png
07-29-2025 @ 01:50:29 - Attachment ID:700
07-29-2025 @ 01:50:29 - Row :29 - Product updated successfully.
07-29-2025 @ 01:50:29 - Row :30 - Parsing item.
07-29-2025 @ 01:50:29 - Row :30 - Processing item.
07-29-2025 @ 01:50:29 - Found simple product object. ID:659
07-29-2025 @ 01:50:29 - Setting Featured Image. URL:https://loja.sococo.com.br/wp-content/uploads/2019/06/RTC200.jpg
07-29-2025 @ 01:50:30 - Attachment ID:701
07-29-2025 @ 01:50:30 - Row :30 - Product updated successfully.
07-29-2025 @ 01:50:30 - Preparing for import.
07-29-2025 @ 01:50:30 - Row :31 - Parsing item.
07-29-2025 @ 01:50:30 - Row :31 - Processing item.
07-29-2025 @ 01:50:30 - Found simple product object. ID:660
07-29-2025 @ 01:50:30 - Setting Featured Image. URL:https://loja.sococo.com.br/wp-content/uploads/2019/06/RTC500.jpg
07-29-2025 @ 01:50:32 - Attachment ID:702
07-29-2025 @ 01:50:32 - Row :31 - Product updated successfully.
07-29-2025 @ 01:50:32 - Row :32 - Parsing item.
07-29-2025 @ 01:50:32 - Row :32 - Processing item.
07-29-2025 @ 01:50:32 - Found simple product object. ID:661
07-29-2025 @ 01:50:32 - Setting Featured Image. URL:https://loja.sococo.com.br/wp-content/uploads/2019/06/ltlight200vd-1.jpg
07-29-2025 @ 01:50:33 - Attachment ID:703
07-29-2025 @ 01:50:33 - Row :32 - Product updated successfully.
07-29-2025 @ 01:50:33 - Row :33 - Parsing item.
07-29-2025 @ 01:50:33 - Row :33 - Processing item.
07-29-2025 @ 01:50:33 - Found simple product object. ID:662
07-29-2025 @ 01:50:33 - Setting Featured Image. URL:https://loja.sococo.com.br/wp-content/uploads/2019/06/LIGHT500.jpg
07-29-2025 @ 01:50:34 - Attachment ID:704
07-29-2025 @ 01:50:34 - Row :33 - Product updated successfully.
07-29-2025 @ 01:50:34 - Row :34 - Parsing item.
07-29-2025 @ 01:50:34 - Row :34 - Processing item.
07-29-2025 @ 01:50:34 - Found simple product object. ID:663
07-29-2025 @ 01:50:34 - Setting Featured Image. URL:https://loja.sococo.com.br/wp-content/uploads/2021/01/VD500MLTRAD.jpg
07-29-2025 @ 01:50:35 - Attachment ID:705
07-29-2025 @ 01:50:35 - Row :34 - Product updated successfully.
07-29-2025 @ 01:50:35 - Row :35 - Parsing item.
07-29-2025 @ 01:50:35 - Row :35 - Processing item.
07-29-2025 @ 01:50:35 - Found simple product object. ID:664
07-29-2025 @ 01:50:35 - Setting Featured Image. URL:https://loja.sococo.com.br/wp-content/uploads/2020/04/SOcocooleo200.jpg
07-29-2025 @ 01:50:37 - Attachment ID:706
07-29-2025 @ 01:50:37 - Row :35 - Product updated successfully.
07-29-2025 @ 01:50:37 - Row :36 - Parsing item.
07-29-2025 @ 01:50:37 - Row :36 - Processing item.
07-29-2025 @ 01:50:37 - Found simple product object. ID:665
07-29-2025 @ 01:50:37 - Setting Featured Image. URL:https://loja.sococo.com.br/wp-content/uploads/2020/04/SOcocoleo500.jpg
07-29-2025 @ 01:50:38 - Attachment ID:707
07-29-2025 @ 01:50:38 - Row :36 - Product updated successfully.
07-29-2025 @ 01:50:38 - ---[ Import ended at 2025-07-29 04:50:38]---
